This file contains any messages produced by compilers while
running configure, to aid debugging if configure makes a mistake.

It was created by PAPI configure 6.0.0.1, which was
generated by GNU Autoconf 2.69.  Invocation command line was

  $ ./configure 

## --------- ##
## Platform. ##
## --------- ##

hostname = jakob-HP-ZBook-15-G5
uname -m = x86_64
uname -r = 5.4.0-47-generic
uname -s = Linux
uname -v = #51~18.04.1-Ubuntu SMP Sat Sep 5 14:35:50 UTC 2020

/usr/bin/uname -p = unknown
/bin/uname -X     = unknown

/bin/arch              = unknown
/usr/bin/arch -k       = unknown
/usr/convex/getsysinfo = unknown
/usr/bin/hostinfo      = unknown
/bin/machine           = unknown
/usr/bin/oslevel       = unknown
/bin/universe          = unknown

PATH: /usr/local/sbin
PATH: /usr/local/bin
PATH: /usr/sbin
PATH: /usr/bin
PATH: /sbin
PATH: /bin
PATH: /usr/games
PATH: /usr/local/games
PATH: /snap/bin


## ----------- ##
## Core tests. ##
## ----------- ##

configure:2447: checking for architecture
configure:2457: result: x86_64
configure:2467: checking for OS
configure:2480: result: linux
configure:2483: checking for OS version
configure:2495: result: 5.4.0-47-generic
configure:2498: checking for perf_event workaround level
configure:2509: result: autodetect
configure:2512: checking for if MIC should be used
configure:2529: result: no
configure:2594: checking for xlc
configure:2624: result: no
configure:2594: checking for icc
configure:2624: result: no
configure:2594: checking for gcc
configure:2610: found /usr/bin/gcc
configure:2621: result: gcc
configure:2652: checking for C compiler version
configure:2661: gcc --version >&5
gcc (Ubuntu 7.5.0-3ubuntu1~18.04) 7.5.0
Copyright (C) 2017 Free Software Foundation, Inc.
This is free software; see the source for copying conditions.  There is NO
warranty; not even for MERCHANTABILITY or FITNESS FOR A PARTICULAR PURPOSE.

configure:2672: $? = 0
configure:2661: gcc -v >&5
Using built-in specs.
COLLECT_GCC=gcc
COLLECT_LTO_WRAPPER=/usr/lib/gcc/x86_64-linux-gnu/7/lto-wrapper
OFFLOAD_TARGET_NAMES=nvptx-none
OFFLOAD_TARGET_DEFAULT=1
Target: x86_64-linux-gnu
Configured with: ../src/configure -v --with-pkgversion='Ubuntu 7.5.0-3ubuntu1~18.04' --with-bugurl=file:///usr/share/doc/gcc-7/README.Bugs --enable-languages=c,ada,c++,go,brig,d,fortran,objc,obj-c++ --prefix=/usr --with-gcc-major-version-only --program-suffix=-7 --program-prefix=x86_64-linux-gnu- --enable-shared --enable-linker-build-id --libexecdir=/usr/lib --without-included-gettext --enable-threads=posix --libdir=/usr/lib --enable-nls --enable-bootstrap --enable-clocale=gnu --enable-libstdcxx-debug --enable-libstdcxx-time=yes --with-default-libstdcxx-abi=new --enable-gnu-unique-object --disable-vtable-verify --enable-libmpx --enable-plugin --enable-default-pie --with-system-zlib --with-target-system-zlib --enable-objc-gc=auto --enable-multiarch --disable-werror --with-arch-32=i686 --with-abi=m64 --with-multilib-list=m32,m64,mx32 --enable-multilib --with-tune=generic --enable-offload-targets=nvptx-none --without-cuda-driver --enable-checking=release --build=x86_64-linux-gnu --host=x86_64-linux-gnu --target=x86_64-linux-gnu
Thread model: posix
gcc version 7.5.0 (Ubuntu 7.5.0-3ubuntu1~18.04) 
configure:2672: $? = 0
configure:2661: gcc -V >&5
gcc: error: unrecognized command line option '-V'
gcc: fatal error: no input files
compilation terminated.
configure:2672: $? = 1
configure:2661: gcc -qversion >&5
gcc: error: unrecognized command line option '-qversion'; did you mean '--version'?
gcc: fatal error: no input files
compilation terminated.
configure:2672: $? = 1
configure:2692: checking whether the C compiler works
configure:2714: gcc  -g   conftest.c  >&5
configure:2718: $? = 0
configure:2766: result: yes
configure:2769: checking for C compiler default output file name
configure:2771: result: a.out
configure:2777: checking for suffix of executables
configure:2784: gcc -o conftest  -g   conftest.c  >&5
configure:2788: $? = 0
configure:2810: result: 
configure:2832: checking whether we are cross compiling
configure:2840: gcc -o conftest  -g   conftest.c  >&5
configure:2844: $? = 0
configure:2851: ./conftest
configure:2855: $? = 0
configure:2870: result: no
configure:2875: checking for suffix of object files
configure:2897: gcc -c  -g  conftest.c >&5
configure:2901: $? = 0
configure:2922: result: o
configure:2926: checking whether we are using the GNU C compiler
configure:2945: gcc -c  -g  conftest.c >&5
configure:2945: $? = 0
configure:2954: result: yes
configure:2963: checking whether gcc accepts -g
configure:2983: gcc -c -g  conftest.c >&5
configure:2983: $? = 0
configure:3024: result: yes
configure:3041: checking for gcc option to accept ISO C89
configure:3104: gcc  -c  -g  conftest.c >&5
configure:3104: $? = 0
configure:3117: result: none needed
configure:3190: checking for xlf
configure:3220: result: no
configure:3190: checking for ifort
configure:3220: result: no
configure:3190: checking for gfortran
configure:3220: result: no
configure:3190: checking for f95
configure:3220: result: no
configure:3190: checking for f90
configure:3220: result: no
configure:3190: checking for f77
configure:3220: result: no
configure:3243: checking for Fortran 77 compiler version
configure:3252:  --version >&5
./configure: line 3254: --version: command not found
configure:3263: $? = 127
configure:3252:  -v >&5
./configure: line 3254: -v: command not found
configure:3263: $? = 127
configure:3252:  -V >&5
./configure: line 3254: -V: command not found
configure:3263: $? = 127
configure:3252:  -qversion >&5
./configure: line 3254: -qversion: command not found
configure:3263: $? = 127
configure:3272: checking whether we are using the GNU Fortran 77 compiler
configure:3285:  -c  conftest.F >&5
./configure: line 1641: -c: command not found
configure:3285: $? = 127
configure: failed program was:
|       program main
| #ifndef __GNUC__
|        choke me
| #endif
| 
|       end
configure:3294: result: no
configure:3300: checking whether  accepts -g
configure:3311:  -c -g conftest.f >&5
./configure: line 1641: -c: command not found
configure:3311: $? = 127
configure: failed program was:
|       program main
| 
|       end
configure:3319: result: no
configure:3353: checking for mpicc
configure:3383: result: no
configure:3484: checking for gawk
configure:3500: found /usr/bin/gawk
configure:3511: result: gawk
configure:3527: checking how to run the C preprocessor
configure:3558: gcc -E  conftest.c
configure:3558: $? = 0
configure:3572: gcc -E  conftest.c
conftest.c:9:10: fatal error: ac_nonexistent.h: No such file or directory
 #include <ac_nonexistent.h>
          ^~~~~~~~~~~~~~~~~~
compilation terminated.
configure:3572: $? = 1
configure: failed program was:
| /* confdefs.h */
| #define PACKAGE_NAME "PAPI"
| #define PACKAGE_TARNAME "papi"
| #define PACKAGE_VERSION "6.0.0.1"
| #define PACKAGE_STRING "PAPI 6.0.0.1"
| #define PACKAGE_BUGREPORT "ptools-perfapi@icl.utk.edu"
| #define PACKAGE_URL ""
| /* end confdefs.h.  */
| #include <ac_nonexistent.h>
configure:3597: result: gcc -E
configure:3617: gcc -E  conftest.c
configure:3617: $? = 0
configure:3631: gcc -E  conftest.c
conftest.c:9:10: fatal error: ac_nonexistent.h: No such file or directory
 #include <ac_nonexistent.h>
          ^~~~~~~~~~~~~~~~~~
compilation terminated.
configure:3631: $? = 1
configure: failed program was:
| /* confdefs.h */
| #define PACKAGE_NAME "PAPI"
| #define PACKAGE_TARNAME "papi"
| #define PACKAGE_VERSION "6.0.0.1"
| #define PACKAGE_STRING "PAPI 6.0.0.1"
| #define PACKAGE_BUGREPORT "ptools-perfapi@icl.utk.edu"
| #define PACKAGE_URL ""
| /* end confdefs.h.  */
| #include <ac_nonexistent.h>
configure:3659: checking whether ln -s works
configure:3663: result: yes
configure:3670: checking whether make sets $(MAKE)
configure:3692: result: yes
configure:3744: checking for ranlib
configure:3760: found /usr/bin/ranlib
configure:3771: result: ranlib
configure:3795: checking for grep that handles long lines and -e
configure:3853: result: /bin/grep
configure:3858: checking for egrep
configure:3920: result: /bin/grep -E
configure:3925: checking for ANSI C header files
configure:3945: gcc -c  -g  conftest.c >&5
configure:3945: $? = 0
configure:4018: gcc -o conftest  -g   conftest.c  >&5
configure:4018: $? = 0
configure:4018: ./conftest
configure:4018: $? = 0
configure:4029: result: yes
configure:4042: checking for sys/types.h
configure:4042: gcc -c  -g  conftest.c >&5
configure:4042: $? = 0
configure:4042: result: yes
configure:4042: checking for sys/stat.h
configure:4042: gcc -c  -g  conftest.c >&5
configure:4042: $? = 0
configure:4042: result: yes
configure:4042: checking for stdlib.h
configure:4042: gcc -c  -g  conftest.c >&5
configure:4042: $? = 0
configure:4042: result: yes
configure:4042: checking for string.h
configure:4042: gcc -c  -g  conftest.c >&5
configure:4042: $? = 0
configure:4042: result: yes
configure:4042: checking for memory.h
configure:4042: gcc -c  -g  conftest.c >&5
configure:4042: $? = 0
configure:4042: result: yes
configure:4042: checking for strings.h
configure:4042: gcc -c  -g  conftest.c >&5
configure:4042: $? = 0
configure:4042: result: yes
configure:4042: checking for inttypes.h
configure:4042: gcc -c  -g  conftest.c >&5
configure:4042: $? = 0
configure:4042: result: yes
configure:4042: checking for stdint.h
configure:4042: gcc -c  -g  conftest.c >&5
configure:4042: $? = 0
configure:4042: result: yes
configure:4042: checking for unistd.h
configure:4042: gcc -c  -g  conftest.c >&5
configure:4042: $? = 0
configure:4042: result: yes
configure:4055: checking minix/config.h usability
configure:4055: gcc -c  -g  conftest.c >&5
conftest.c:52:10: fatal error: minix/config.h: No such file or directory
 #include <minix/config.h>
          ^~~~~~~~~~~~~~~~
compilation terminated.
configure:4055: $? = 1
configure: failed program was:
| /* confdefs.h */
| #define PACKAGE_NAME "PAPI"
| #define PACKAGE_TARNAME "papi"
| #define PACKAGE_VERSION "6.0.0.1"
| #define PACKAGE_STRING "PAPI 6.0.0.1"
| #define PACKAGE_BUGREPORT "ptools-perfapi@icl.utk.edu"
| #define PACKAGE_URL ""
| #define STDC_HEADERS 1
| #define HAVE_SYS_TYPES_H 1
| #define HAVE_SYS_STAT_H 1
| #define HAVE_STDLIB_H 1
| #define HAVE_STRING_H 1
| #define HAVE_MEMORY_H 1
| #define HAVE_STRINGS_H 1
| #define HAVE_INTTYPES_H 1
| #define HAVE_STDINT_H 1
| #define HAVE_UNISTD_H 1
| /* end confdefs.h.  */
| #include <stdio.h>
| #ifdef HAVE_SYS_TYPES_H
| # include <sys/types.h>
| #endif
| #ifdef HAVE_SYS_STAT_H
| # include <sys/stat.h>
| #endif
| #ifdef STDC_HEADERS
| # include <stdlib.h>
| # include <stddef.h>
| #else
| # ifdef HAVE_STDLIB_H
| #  include <stdlib.h>
| # endif
| #endif
| #ifdef HAVE_STRING_H
| # if !defined STDC_HEADERS && defined HAVE_MEMORY_H
| #  include <memory.h>
| # endif
| # include <string.h>
| #endif
| #ifdef HAVE_STRINGS_H
| # include <strings.h>
| #endif
| #ifdef HAVE_INTTYPES_H
| # include <inttypes.h>
| #endif
| #ifdef HAVE_STDINT_H
| # include <stdint.h>
| #endif
| #ifdef HAVE_UNISTD_H
| # include <unistd.h>
| #endif
| #include <minix/config.h>
configure:4055: result: no
configure:4055: checking minix/config.h presence
configure:4055: gcc -E  conftest.c
conftest.c:19:10: fatal error: minix/config.h: No such file or directory
 #include <minix/config.h>
          ^~~~~~~~~~~~~~~~
compilation terminated.
configure:4055: $? = 1
configure: failed program was:
| /* confdefs.h */
| #define PACKAGE_NAME "PAPI"
| #define PACKAGE_TARNAME "papi"
| #define PACKAGE_VERSION "6.0.0.1"
| #define PACKAGE_STRING "PAPI 6.0.0.1"
| #define PACKAGE_BUGREPORT "ptools-perfapi@icl.utk.edu"
| #define PACKAGE_URL ""
| #define STDC_HEADERS 1
| #define HAVE_SYS_TYPES_H 1
| #define HAVE_SYS_STAT_H 1
| #define HAVE_STDLIB_H 1
| #define HAVE_STRING_H 1
| #define HAVE_MEMORY_H 1
| #define HAVE_STRINGS_H 1
| #define HAVE_INTTYPES_H 1
| #define HAVE_STDINT_H 1
| #define HAVE_UNISTD_H 1
| /* end confdefs.h.  */
| #include <minix/config.h>
configure:4055: result: no
configure:4055: checking for minix/config.h
configure:4055: result: no
configure:4076: checking whether it is safe to define __EXTENSIONS__
configure:4094: gcc -c  -g  conftest.c >&5
configure:4094: $? = 0
configure:4101: result: yes
configure:4116: checking for ANSI C header files
configure:4220: result: yes
configure:4228: checking for inline
configure:4244: gcc -c  -g  conftest.c >&5
configure:4244: $? = 0
configure:4252: result: inline
configure:4270: checking whether time.h and sys/time.h may both be included
configure:4290: gcc -c  -g  conftest.c >&5
configure:4290: $? = 0
configure:4297: result: yes
configure:4308: checking sys/time.h usability
configure:4308: gcc -c  -g  conftest.c >&5
configure:4308: $? = 0
configure:4308: result: yes
configure:4308: checking sys/time.h presence
configure:4308: gcc -E  conftest.c
configure:4308: $? = 0
configure:4308: result: yes
configure:4308: checking for sys/time.h
configure:4308: result: yes
configure:4308: checking c_asm.h usability
configure:4308: gcc -c  -g  conftest.c >&5
conftest.c:60:10: fatal error: c_asm.h: No such file or directory
 #include <c_asm.h>
          ^~~~~~~~~
compilation terminated.
configure:4308: $? = 1
configure: failed program was:
| /* confdefs.h */
| #define PACKAGE_NAME "PAPI"
| #define PACKAGE_TARNAME "papi"
| #define PACKAGE_VERSION "6.0.0.1"
| #define PACKAGE_STRING "PAPI 6.0.0.1"
| #define PACKAGE_BUGREPORT "ptools-perfapi@icl.utk.edu"
| #define PACKAGE_URL ""
| #define STDC_HEADERS 1
| #define HAVE_SYS_TYPES_H 1
| #define HAVE_SYS_STAT_H 1
| #define HAVE_STDLIB_H 1
| #define HAVE_STRING_H 1
| #define HAVE_MEMORY_H 1
| #define HAVE_STRINGS_H 1
| #define HAVE_INTTYPES_H 1
| #define HAVE_STDINT_H 1
| #define HAVE_UNISTD_H 1
| #define __EXTENSIONS__ 1
| #define _ALL_SOURCE 1
| #define _GNU_SOURCE 1
| #define _POSIX_PTHREAD_SEMANTICS 1
| #define _TANDEM_SOURCE 1
| #define STDC_HEADERS 1
| #define TIME_WITH_SYS_TIME 1
| #define HAVE_SYS_TIME_H 1
| /* end confdefs.h.  */
| #include <stdio.h>
| #ifdef HAVE_SYS_TYPES_H
| # include <sys/types.h>
| #endif
| #ifdef HAVE_SYS_STAT_H
| # include <sys/stat.h>
| #endif
| #ifdef STDC_HEADERS
| # include <stdlib.h>
| # include <stddef.h>
| #else
| # ifdef HAVE_STDLIB_H
| #  include <stdlib.h>
| # endif
| #endif
| #ifdef HAVE_STRING_H
| # if !defined STDC_HEADERS && defined HAVE_MEMORY_H
| #  include <memory.h>
| # endif
| # include <string.h>
| #endif
| #ifdef HAVE_STRINGS_H
| # include <strings.h>
| #endif
| #ifdef HAVE_INTTYPES_H
| # include <inttypes.h>
| #endif
| #ifdef HAVE_STDINT_H
| # include <stdint.h>
| #endif
| #ifdef HAVE_UNISTD_H
| # include <unistd.h>
| #endif
| #include <c_asm.h>
configure:4308: result: no
configure:4308: checking c_asm.h presence
configure:4308: gcc -E  conftest.c
conftest.c:27:10: fatal error: c_asm.h: No such file or directory
 #include <c_asm.h>
          ^~~~~~~~~
compilation terminated.
configure:4308: $? = 1
configure: failed program was:
| /* confdefs.h */
| #define PACKAGE_NAME "PAPI"
| #define PACKAGE_TARNAME "papi"
| #define PACKAGE_VERSION "6.0.0.1"
| #define PACKAGE_STRING "PAPI 6.0.0.1"
| #define PACKAGE_BUGREPORT "ptools-perfapi@icl.utk.edu"
| #define PACKAGE_URL ""
| #define STDC_HEADERS 1
| #define HAVE_SYS_TYPES_H 1
| #define HAVE_SYS_STAT_H 1
| #define HAVE_STDLIB_H 1
| #define HAVE_STRING_H 1
| #define HAVE_MEMORY_H 1
| #define HAVE_STRINGS_H 1
| #define HAVE_INTTYPES_H 1
| #define HAVE_STDINT_H 1
| #define HAVE_UNISTD_H 1
| #define __EXTENSIONS__ 1
| #define _ALL_SOURCE 1
| #define _GNU_SOURCE 1
| #define _POSIX_PTHREAD_SEMANTICS 1
| #define _TANDEM_SOURCE 1
| #define STDC_HEADERS 1
| #define TIME_WITH_SYS_TIME 1
| #define HAVE_SYS_TIME_H 1
| /* end confdefs.h.  */
| #include <c_asm.h>
configure:4308: result: no
configure:4308: checking for c_asm.h
configure:4308: result: no
configure:4308: checking intrinsics.h usability
configure:4308: gcc -c  -g  conftest.c >&5
conftest.c:60:10: fatal error: intrinsics.h: No such file or directory
 #include <intrinsics.h>
          ^~~~~~~~~~~~~~
compilation terminated.
configure:4308: $? = 1
configure: failed program was:
| /* confdefs.h */
| #define PACKAGE_NAME "PAPI"
| #define PACKAGE_TARNAME "papi"
| #define PACKAGE_VERSION "6.0.0.1"
| #define PACKAGE_STRING "PAPI 6.0.0.1"
| #define PACKAGE_BUGREPORT "ptools-perfapi@icl.utk.edu"
| #define PACKAGE_URL ""
| #define STDC_HEADERS 1
| #define HAVE_SYS_TYPES_H 1
| #define HAVE_SYS_STAT_H 1
| #define HAVE_STDLIB_H 1
| #define HAVE_STRING_H 1
| #define HAVE_MEMORY_H 1
| #define HAVE_STRINGS_H 1
| #define HAVE_INTTYPES_H 1
| #define HAVE_STDINT_H 1
| #define HAVE_UNISTD_H 1
| #define __EXTENSIONS__ 1
| #define _ALL_SOURCE 1
| #define _GNU_SOURCE 1
| #define _POSIX_PTHREAD_SEMANTICS 1
| #define _TANDEM_SOURCE 1
| #define STDC_HEADERS 1
| #define TIME_WITH_SYS_TIME 1
| #define HAVE_SYS_TIME_H 1
| /* end confdefs.h.  */
| #include <stdio.h>
| #ifdef HAVE_SYS_TYPES_H
| # include <sys/types.h>
| #endif
| #ifdef HAVE_SYS_STAT_H
| # include <sys/stat.h>
| #endif
| #ifdef STDC_HEADERS
| # include <stdlib.h>
| # include <stddef.h>
| #else
| # ifdef HAVE_STDLIB_H
| #  include <stdlib.h>
| # endif
| #endif
| #ifdef HAVE_STRING_H
| # if !defined STDC_HEADERS && defined HAVE_MEMORY_H
| #  include <memory.h>
| # endif
| # include <string.h>
| #endif
| #ifdef HAVE_STRINGS_H
| # include <strings.h>
| #endif
| #ifdef HAVE_INTTYPES_H
| # include <inttypes.h>
| #endif
| #ifdef HAVE_STDINT_H
| # include <stdint.h>
| #endif
| #ifdef HAVE_UNISTD_H
| # include <unistd.h>
| #endif
| #include <intrinsics.h>
configure:4308: result: no
configure:4308: checking intrinsics.h presence
configure:4308: gcc -E  conftest.c
conftest.c:27:10: fatal error: intrinsics.h: No such file or directory
 #include <intrinsics.h>
          ^~~~~~~~~~~~~~
compilation terminated.
configure:4308: $? = 1
configure: failed program was:
| /* confdefs.h */
| #define PACKAGE_NAME "PAPI"
| #define PACKAGE_TARNAME "papi"
| #define PACKAGE_VERSION "6.0.0.1"
| #define PACKAGE_STRING "PAPI 6.0.0.1"
| #define PACKAGE_BUGREPORT "ptools-perfapi@icl.utk.edu"
| #define PACKAGE_URL ""
| #define STDC_HEADERS 1
| #define HAVE_SYS_TYPES_H 1
| #define HAVE_SYS_STAT_H 1
| #define HAVE_STDLIB_H 1
| #define HAVE_STRING_H 1
| #define HAVE_MEMORY_H 1
| #define HAVE_STRINGS_H 1
| #define HAVE_INTTYPES_H 1
| #define HAVE_STDINT_H 1
| #define HAVE_UNISTD_H 1
| #define __EXTENSIONS__ 1
| #define _ALL_SOURCE 1
| #define _GNU_SOURCE 1
| #define _POSIX_PTHREAD_SEMANTICS 1
| #define _TANDEM_SOURCE 1
| #define STDC_HEADERS 1
| #define TIME_WITH_SYS_TIME 1
| #define HAVE_SYS_TIME_H 1
| /* end confdefs.h.  */
| #include <intrinsics.h>
configure:4308: result: no
configure:4308: checking for intrinsics.h
configure:4308: result: no
configure:4308: checking mach/mach_time.h usability
configure:4308: gcc -c  -g  conftest.c >&5
conftest.c:60:10: fatal error: mach/mach_time.h: No such file or directory
 #include <mach/mach_time.h>
          ^~~~~~~~~~~~~~~~~~
compilation terminated.
configure:4308: $? = 1
configure: failed program was:
| /* confdefs.h */
| #define PACKAGE_NAME "PAPI"
| #define PACKAGE_TARNAME "papi"
| #define PACKAGE_VERSION "6.0.0.1"
| #define PACKAGE_STRING "PAPI 6.0.0.1"
| #define PACKAGE_BUGREPORT "ptools-perfapi@icl.utk.edu"
| #define PACKAGE_URL ""
| #define STDC_HEADERS 1
| #define HAVE_SYS_TYPES_H 1
| #define HAVE_SYS_STAT_H 1
| #define HAVE_STDLIB_H 1
| #define HAVE_STRING_H 1
| #define HAVE_MEMORY_H 1
| #define HAVE_STRINGS_H 1
| #define HAVE_INTTYPES_H 1
| #define HAVE_STDINT_H 1
| #define HAVE_UNISTD_H 1
| #define __EXTENSIONS__ 1
| #define _ALL_SOURCE 1
| #define _GNU_SOURCE 1
| #define _POSIX_PTHREAD_SEMANTICS 1
| #define _TANDEM_SOURCE 1
| #define STDC_HEADERS 1
| #define TIME_WITH_SYS_TIME 1
| #define HAVE_SYS_TIME_H 1
| /* end confdefs.h.  */
| #include <stdio.h>
| #ifdef HAVE_SYS_TYPES_H
| # include <sys/types.h>
| #endif
| #ifdef HAVE_SYS_STAT_H
| # include <sys/stat.h>
| #endif
| #ifdef STDC_HEADERS
| # include <stdlib.h>
| # include <stddef.h>
| #else
| # ifdef HAVE_STDLIB_H
| #  include <stdlib.h>
| # endif
| #endif
| #ifdef HAVE_STRING_H
| # if !defined STDC_HEADERS && defined HAVE_MEMORY_H
| #  include <memory.h>
| # endif
| # include <string.h>
| #endif
| #ifdef HAVE_STRINGS_H
| # include <strings.h>
| #endif
| #ifdef HAVE_INTTYPES_H
| # include <inttypes.h>
| #endif
| #ifdef HAVE_STDINT_H
| # include <stdint.h>
| #endif
| #ifdef HAVE_UNISTD_H
| # include <unistd.h>
| #endif
| #include <mach/mach_time.h>
configure:4308: result: no
configure:4308: checking mach/mach_time.h presence
configure:4308: gcc -E  conftest.c
conftest.c:27:10: fatal error: mach/mach_time.h: No such file or directory
 #include <mach/mach_time.h>
          ^~~~~~~~~~~~~~~~~~
compilation terminated.
configure:4308: $? = 1
configure: failed program was:
| /* confdefs.h */
| #define PACKAGE_NAME "PAPI"
| #define PACKAGE_TARNAME "papi"
| #define PACKAGE_VERSION "6.0.0.1"
| #define PACKAGE_STRING "PAPI 6.0.0.1"
| #define PACKAGE_BUGREPORT "ptools-perfapi@icl.utk.edu"
| #define PACKAGE_URL ""
| #define STDC_HEADERS 1
| #define HAVE_SYS_TYPES_H 1
| #define HAVE_SYS_STAT_H 1
| #define HAVE_STDLIB_H 1
| #define HAVE_STRING_H 1
| #define HAVE_MEMORY_H 1
| #define HAVE_STRINGS_H 1
| #define HAVE_INTTYPES_H 1
| #define HAVE_STDINT_H 1
| #define HAVE_UNISTD_H 1
| #define __EXTENSIONS__ 1
| #define _ALL_SOURCE 1
| #define _GNU_SOURCE 1
| #define _POSIX_PTHREAD_SEMANTICS 1
| #define _TANDEM_SOURCE 1
| #define STDC_HEADERS 1
| #define TIME_WITH_SYS_TIME 1
| #define HAVE_SYS_TIME_H 1
| /* end confdefs.h.  */
| #include <mach/mach_time.h>
configure:4308: result: no
configure:4308: checking for mach/mach_time.h
configure:4308: result: no
configure:4308: checking sched.h usability
configure:4308: gcc -c  -g  conftest.c >&5
configure:4308: $? = 0
configure:4308: result: yes
configure:4308: checking sched.h presence
configure:4308: gcc -E  conftest.c
configure:4308: $? = 0
configure:4308: result: yes
configure:4308: checking for sched.h
configure:4308: result: yes
configure:4321: checking for gethrtime
configure:4321: gcc -o conftest  -g   conftest.c  >&5
/tmp/cc12FOmO.o: In function `main':
/home/jakob/Desktop/papi/src/conftest.c:62: undefined reference to `gethrtime'
collect2: error: ld returned 1 exit status
configure:4321: $? = 1
configure: failed program was:
| /* confdefs.h */
| #define PACKAGE_NAME "PAPI"
| #define PACKAGE_TARNAME "papi"
| #define PACKAGE_VERSION "6.0.0.1"
| #define PACKAGE_STRING "PAPI 6.0.0.1"
| #define PACKAGE_BUGREPORT "ptools-perfapi@icl.utk.edu"
| #define PACKAGE_URL ""
| #define STDC_HEADERS 1
| #define HAVE_SYS_TYPES_H 1
| #define HAVE_SYS_STAT_H 1
| #define HAVE_STDLIB_H 1
| #define HAVE_STRING_H 1
| #define HAVE_MEMORY_H 1
| #define HAVE_STRINGS_H 1
| #define HAVE_INTTYPES_H 1
| #define HAVE_STDINT_H 1
| #define HAVE_UNISTD_H 1
| #define __EXTENSIONS__ 1
| #define _ALL_SOURCE 1
| #define _GNU_SOURCE 1
| #define _POSIX_PTHREAD_SEMANTICS 1
| #define _TANDEM_SOURCE 1
| #define STDC_HEADERS 1
| #define TIME_WITH_SYS_TIME 1
| #define HAVE_SYS_TIME_H 1
| #define HAVE_SCHED_H 1
| /* end confdefs.h.  */
| /* Define gethrtime to an innocuous variant, in case <limits.h> declares gethrtime.
|    For example, HP-UX 11i <limits.h> declares gettimeofday.  */
| #define gethrtime innocuous_gethrtime
| 
| /* System header to define __stub macros and hopefully few prototypes,
|     which can conflict with char gethrtime (); below.
|     Prefer <limits.h> to <assert.h> if __STDC__ is defined, since
|     <limits.h> exists even on freestanding compilers.  */
| 
| #ifdef __STDC__
| # include <limits.h>
| #else
| # include <assert.h>
| #endif
| 
| #undef gethrtime
| 
| /* Override any GCC internal prototype to avoid an error.
|    Use char because int might match the return type of a GCC
|    builtin and then its argument prototype would still apply.  */
| #ifdef __cplusplus
| extern "C"
| #endif
| char gethrtime ();
| /* The GNU C library defines this for functions which it implements
|     to always fail with ENOSYS.  Some functions are actually named
|     something starting with __ and the normal name is an alias.  */
| #if defined __stub_gethrtime || defined __stub___gethrtime
| choke me
| #endif
| 
| int
| main ()
| {
| return gethrtime ();
|   ;
|   return 0;
| }
configure:4321: result: no
configure:4321: checking for read_real_time
configure:4321: gcc -o conftest  -g   conftest.c  >&5
/tmp/cc75OsTQ.o: In function `main':
/home/jakob/Desktop/papi/src/conftest.c:62: undefined reference to `read_real_time'
collect2: error: ld returned 1 exit status
configure:4321: $? = 1
configure: failed program was:
| /* confdefs.h */
| #define PACKAGE_NAME "PAPI"
| #define PACKAGE_TARNAME "papi"
| #define PACKAGE_VERSION "6.0.0.1"
| #define PACKAGE_STRING "PAPI 6.0.0.1"
| #define PACKAGE_BUGREPORT "ptools-perfapi@icl.utk.edu"
| #define PACKAGE_URL ""
| #define STDC_HEADERS 1
| #define HAVE_SYS_TYPES_H 1
| #define HAVE_SYS_STAT_H 1
| #define HAVE_STDLIB_H 1
| #define HAVE_STRING_H 1
| #define HAVE_MEMORY_H 1
| #define HAVE_STRINGS_H 1
| #define HAVE_INTTYPES_H 1
| #define HAVE_STDINT_H 1
| #define HAVE_UNISTD_H 1
| #define __EXTENSIONS__ 1
| #define _ALL_SOURCE 1
| #define _GNU_SOURCE 1
| #define _POSIX_PTHREAD_SEMANTICS 1
| #define _TANDEM_SOURCE 1
| #define STDC_HEADERS 1
| #define TIME_WITH_SYS_TIME 1
| #define HAVE_SYS_TIME_H 1
| #define HAVE_SCHED_H 1
| /* end confdefs.h.  */
| /* Define read_real_time to an innocuous variant, in case <limits.h> declares read_real_time.
|    For example, HP-UX 11i <limits.h> declares gettimeofday.  */
| #define read_real_time innocuous_read_real_time
| 
| /* System header to define __stub macros and hopefully few prototypes,
|     which can conflict with char read_real_time (); below.
|     Prefer <limits.h> to <assert.h> if __STDC__ is defined, since
|     <limits.h> exists even on freestanding compilers.  */
| 
| #ifdef __STDC__
| # include <limits.h>
| #else
| # include <assert.h>
| #endif
| 
| #undef read_real_time
| 
| /* Override any GCC internal prototype to avoid an error.
|    Use char because int might match the return type of a GCC
|    builtin and then its argument prototype would still apply.  */
| #ifdef __cplusplus
| extern "C"
| #endif
| char read_real_time ();
| /* The GNU C library defines this for functions which it implements
|     to always fail with ENOSYS.  Some functions are actually named
|     something starting with __ and the normal name is an alias.  */
| #if defined __stub_read_real_time || defined __stub___read_real_time
| choke me
| #endif
| 
| int
| main ()
| {
| return read_real_time ();
|   ;
|   return 0;
| }
configure:4321: result: no
configure:4321: checking for time_base_to_time
configure:4321: gcc -o conftest  -g   conftest.c  >&5
/tmp/cc12m3kT.o: In function `main':
/home/jakob/Desktop/papi/src/conftest.c:62: undefined reference to `time_base_to_time'
collect2: error: ld returned 1 exit status
configure:4321: $? = 1
configure: failed program was:
| /* confdefs.h */
| #define PACKAGE_NAME "PAPI"
| #define PACKAGE_TARNAME "papi"
| #define PACKAGE_VERSION "6.0.0.1"
| #define PACKAGE_STRING "PAPI 6.0.0.1"
| #define PACKAGE_BUGREPORT "ptools-perfapi@icl.utk.edu"
| #define PACKAGE_URL ""
| #define STDC_HEADERS 1
| #define HAVE_SYS_TYPES_H 1
| #define HAVE_SYS_STAT_H 1
| #define HAVE_STDLIB_H 1
| #define HAVE_STRING_H 1
| #define HAVE_MEMORY_H 1
| #define HAVE_STRINGS_H 1
| #define HAVE_INTTYPES_H 1
| #define HAVE_STDINT_H 1
| #define HAVE_UNISTD_H 1
| #define __EXTENSIONS__ 1
| #define _ALL_SOURCE 1
| #define _GNU_SOURCE 1
| #define _POSIX_PTHREAD_SEMANTICS 1
| #define _TANDEM_SOURCE 1
| #define STDC_HEADERS 1
| #define TIME_WITH_SYS_TIME 1
| #define HAVE_SYS_TIME_H 1
| #define HAVE_SCHED_H 1
| /* end confdefs.h.  */
| /* Define time_base_to_time to an innocuous variant, in case <limits.h> declares time_base_to_time.
|    For example, HP-UX 11i <limits.h> declares gettimeofday.  */
| #define time_base_to_time innocuous_time_base_to_time
| 
| /* System header to define __stub macros and hopefully few prototypes,
|     which can conflict with char time_base_to_time (); below.
|     Prefer <limits.h> to <assert.h> if __STDC__ is defined, since
|     <limits.h> exists even on freestanding compilers.  */
| 
| #ifdef __STDC__
| # include <limits.h>
| #else
| # include <assert.h>
| #endif
| 
| #undef time_base_to_time
| 
| /* Override any GCC internal prototype to avoid an error.
|    Use char because int might match the return type of a GCC
|    builtin and then its argument prototype would still apply.  */
| #ifdef __cplusplus
| extern "C"
| #endif
| char time_base_to_time ();
| /* The GNU C library defines this for functions which it implements
|     to always fail with ENOSYS.  Some functions are actually named
|     something starting with __ and the normal name is an alias.  */
| #if defined __stub_time_base_to_time || defined __stub___time_base_to_time
| choke me
| #endif
| 
| int
| main ()
| {
| return time_base_to_time ();
|   ;
|   return 0;
| }
configure:4321: result: no
configure:4321: checking for clock_gettime
configure:4321: gcc -o conftest  -g   conftest.c  >&5
configure:4321: $? = 0
configure:4321: result: yes
configure:4321: checking for mach_absolute_time
configure:4321: gcc -o conftest  -g   conftest.c  >&5
/tmp/ccLV427X.o: In function `main':
/home/jakob/Desktop/papi/src/conftest.c:63: undefined reference to `mach_absolute_time'
collect2: error: ld returned 1 exit status
configure:4321: $? = 1
configure: failed program was:
| /* confdefs.h */
| #define PACKAGE_NAME "PAPI"
| #define PACKAGE_TARNAME "papi"
| #define PACKAGE_VERSION "6.0.0.1"
| #define PACKAGE_STRING "PAPI 6.0.0.1"
| #define PACKAGE_BUGREPORT "ptools-perfapi@icl.utk.edu"
| #define PACKAGE_URL ""
| #define STDC_HEADERS 1
| #define HAVE_SYS_TYPES_H 1
| #define HAVE_SYS_STAT_H 1
| #define HAVE_STDLIB_H 1
| #define HAVE_STRING_H 1
| #define HAVE_MEMORY_H 1
| #define HAVE_STRINGS_H 1
| #define HAVE_INTTYPES_H 1
| #define HAVE_STDINT_H 1
| #define HAVE_UNISTD_H 1
| #define __EXTENSIONS__ 1
| #define _ALL_SOURCE 1
| #define _GNU_SOURCE 1
| #define _POSIX_PTHREAD_SEMANTICS 1
| #define _TANDEM_SOURCE 1
| #define STDC_HEADERS 1
| #define TIME_WITH_SYS_TIME 1
| #define HAVE_SYS_TIME_H 1
| #define HAVE_SCHED_H 1
| #define HAVE_CLOCK_GETTIME 1
| /* end confdefs.h.  */
| /* Define mach_absolute_time to an innocuous variant, in case <limits.h> declares mach_absolute_time.
|    For example, HP-UX 11i <limits.h> declares gettimeofday.  */
| #define mach_absolute_time innocuous_mach_absolute_time
| 
| /* System header to define __stub macros and hopefully few prototypes,
|     which can conflict with char mach_absolute_time (); below.
|     Prefer <limits.h> to <assert.h> if __STDC__ is defined, since
|     <limits.h> exists even on freestanding compilers.  */
| 
| #ifdef __STDC__
| # include <limits.h>
| #else
| # include <assert.h>
| #endif
| 
| #undef mach_absolute_time
| 
| /* Override any GCC internal prototype to avoid an error.
|    Use char because int might match the return type of a GCC
|    builtin and then its argument prototype would still apply.  */
| #ifdef __cplusplus
| extern "C"
| #endif
| char mach_absolute_time ();
| /* The GNU C library defines this for functions which it implements
|     to always fail with ENOSYS.  Some functions are actually named
|     something starting with __ and the normal name is an alias.  */
| #if defined __stub_mach_absolute_time || defined __stub___mach_absolute_time
| choke me
| #endif
| 
| int
| main ()
| {
| return mach_absolute_time ();
|   ;
|   return 0;
| }
configure:4321: result: no
configure:4321: checking for sched_getcpu
configure:4321: gcc -o conftest  -g   conftest.c  >&5
configure:4321: $? = 0
configure:4321: result: yes
configure:4336: checking for timer_create and timer_*ettime symbols in base system
configure:4350: gcc -o conftest  -g   conftest.c  >&5
/tmp/cc7Sc4f3.o: In function `main':
/home/jakob/Desktop/papi/src/conftest.c:35: undefined reference to `timer_create'
collect2: error: ld returned 1 exit status
configure:4350: $? = 1
configure: failed program was:
| /* confdefs.h */
| #define PACKAGE_NAME "PAPI"
| #define PACKAGE_TARNAME "papi"
| #define PACKAGE_VERSION "6.0.0.1"
| #define PACKAGE_STRING "PAPI 6.0.0.1"
| #define PACKAGE_BUGREPORT "ptools-perfapi@icl.utk.edu"
| #define PACKAGE_URL ""
| #define STDC_HEADERS 1
| #define HAVE_SYS_TYPES_H 1
| #define HAVE_SYS_STAT_H 1
| #define HAVE_STDLIB_H 1
| #define HAVE_STRING_H 1
| #define HAVE_MEMORY_H 1
| #define HAVE_STRINGS_H 1
| #define HAVE_INTTYPES_H 1
| #define HAVE_STDINT_H 1
| #define HAVE_UNISTD_H 1
| #define __EXTENSIONS__ 1
| #define _ALL_SOURCE 1
| #define _GNU_SOURCE 1
| #define _POSIX_PTHREAD_SEMANTICS 1
| #define _TANDEM_SOURCE 1
| #define STDC_HEADERS 1
| #define TIME_WITH_SYS_TIME 1
| #define HAVE_SYS_TIME_H 1
| #define HAVE_SCHED_H 1
| #define HAVE_CLOCK_GETTIME 1
| #define HAVE_SCHED_GETCPU 1
| /* end confdefs.h.  */
| #include <signal.h>
|              #include <time.h>
| int
| main ()
| {
| timer_t timerid; timer_create(CLOCK_REALTIME, NULL, &timerid);
|   ;
|   return 0;
| }
configure:4362: result: not found
configure:4364: checking for timer_create and timer_*ettime symbols in -lrt
configure:4380: gcc -o conftest  -g   conftest.c  -lrt >&5
configure:4380: $? = 0
configure:4389: result: found
configure:4403: checking for dlopen and dlerror symbols in base system
configure:4416: gcc -o conftest  -g   conftest.c  >&5
/tmp/ccpXwSl9.o: In function `main':
/home/jakob/Desktop/papi/src/conftest.c:34: undefined reference to `dlopen'
/home/jakob/Desktop/papi/src/conftest.c:34: undefined reference to `dlerror'
collect2: error: ld returned 1 exit status
configure:4416: $? = 1
configure: failed program was:
| /* confdefs.h */
| #define PACKAGE_NAME "PAPI"
| #define PACKAGE_TARNAME "papi"
| #define PACKAGE_VERSION "6.0.0.1"
| #define PACKAGE_STRING "PAPI 6.0.0.1"
| #define PACKAGE_BUGREPORT "ptools-perfapi@icl.utk.edu"
| #define PACKAGE_URL ""
| #define STDC_HEADERS 1
| #define HAVE_SYS_TYPES_H 1
| #define HAVE_SYS_STAT_H 1
| #define HAVE_STDLIB_H 1
| #define HAVE_STRING_H 1
| #define HAVE_MEMORY_H 1
| #define HAVE_STRINGS_H 1
| #define HAVE_INTTYPES_H 1
| #define HAVE_STDINT_H 1
| #define HAVE_UNISTD_H 1
| #define __EXTENSIONS__ 1
| #define _ALL_SOURCE 1
| #define _GNU_SOURCE 1
| #define _POSIX_PTHREAD_SEMANTICS 1
| #define _TANDEM_SOURCE 1
| #define STDC_HEADERS 1
| #define TIME_WITH_SYS_TIME 1
| #define HAVE_SYS_TIME_H 1
| #define HAVE_SCHED_H 1
| #define HAVE_CLOCK_GETTIME 1
| #define HAVE_SCHED_GETCPU 1
| /* end confdefs.h.  */
| #include <dlfcn.h>
| int
| main ()
| {
| void *p = dlopen ("", 0); char *c = dlerror();
|   ;
|   return 0;
| }
configure:4428: result: not found
configure:4430: checking for dlopen and dlerror symbols in -ldl
configure:4445: gcc -o conftest  -g   conftest.c  -ldl >&5
configure:4445: $? = 0
configure:4454: result: found
configure:4564: checking for tests
configure:4615: result: ctests ftests 
configure:4631: checking for debug build
configure:4654: result: 
configure:4668: checking for -Wno-override-init
configure:4678: gcc -c  -g -Wextra -Wall -Wextra -Werror -Wno-override-init  conftest.c >&5
configure:4678: $? = 0
configure:4685: result: 1
configure:4689: checking for CPU type
configure:4849: result: x86
configure:4885: checking for ffsll
configure:4885: gcc -o conftest  -g -Wextra   conftest.c  >&5
conftest.c:54:6: warning: conflicting types for built-in function 'ffsll' [-Wbuiltin-declaration-mismatch]
 char ffsll ();
      ^~~~~
configure:4885: $? = 0
configure:4885: result: yes
configure:4911: checking for working gettid
configure:4918: gcc -o conftest  -g -Wextra   conftest.c  >&5
conftest.c:33:17: warning: return type defaults to 'int' [-Wimplicit-int]
                 main() { pid_t a = gettid(); }
                 ^~~~
conftest.c: In function 'main':
conftest.c:33:36: warning: implicit declaration of function 'gettid' [-Wimplicit-function-declaration]
                 main() { pid_t a = gettid(); }
                                    ^~~~~~
/tmp/cco0wAG6.o: In function `main':
/home/jakob/Desktop/papi/src/conftest.c:33: undefined reference to `gettid'
collect2: error: ld returned 1 exit status
configure:4918: $? = 1
configure: failed program was:
| /* confdefs.h */
| #define PACKAGE_NAME "PAPI"
| #define PACKAGE_TARNAME "papi"
| #define PACKAGE_VERSION "6.0.0.1"
| #define PACKAGE_STRING "PAPI 6.0.0.1"
| #define PACKAGE_BUGREPORT "ptools-perfapi@icl.utk.edu"
| #define PACKAGE_URL ""
| #define STDC_HEADERS 1
| #define HAVE_SYS_TYPES_H 1
| #define HAVE_SYS_STAT_H 1
| #define HAVE_STDLIB_H 1
| #define HAVE_STRING_H 1
| #define HAVE_MEMORY_H 1
| #define HAVE_STRINGS_H 1
| #define HAVE_INTTYPES_H 1
| #define HAVE_STDINT_H 1
| #define HAVE_UNISTD_H 1
| #define __EXTENSIONS__ 1
| #define _ALL_SOURCE 1
| #define _GNU_SOURCE 1
| #define _POSIX_PTHREAD_SEMANTICS 1
| #define _TANDEM_SOURCE 1
| #define STDC_HEADERS 1
| #define TIME_WITH_SYS_TIME 1
| #define HAVE_SYS_TIME_H 1
| #define HAVE_SCHED_H 1
| #define HAVE_CLOCK_GETTIME 1
| #define HAVE_SCHED_GETCPU 1
| #define CPU x86
| #define HAVE_FFSLL 1
| /* end confdefs.h.  */
| #include <sys/types.h>
|                 main() { pid_t a = gettid(); }
configure:4925: result: no
configure:4927: checking for working syscall(SYS_gettid)
configure:4935: gcc -o conftest  -g -Wextra   conftest.c  >&5
conftest.c:34:33: warning: return type defaults to 'int' [-Wimplicit-int]
                                 main() { pid_t a = syscall(SYS_gettid); }
                                 ^~~~
conftest.c: In function 'main':
conftest.c:34:52: warning: implicit declaration of function 'syscall' [-Wimplicit-function-declaration]
                                 main() { pid_t a = syscall(SYS_gettid); }
                                                    ^~~~~~~
configure:4935: $? = 0
configure:4936: result: yes
configure:4959: checking for working MMTIMER
configure:4989: gcc -o conftest  -g -Wextra   conftest.c  >&5
configure:4989: $? = 0
configure:4989: ./conftest
configure:4989: $? = 1
configure: program exited with status 1
configure: failed program was:
| /* confdefs.h */
| #define PACKAGE_NAME "PAPI"
| #define PACKAGE_TARNAME "papi"
| #define PACKAGE_VERSION "6.0.0.1"
| #define PACKAGE_STRING "PAPI 6.0.0.1"
| #define PACKAGE_BUGREPORT "ptools-perfapi@icl.utk.edu"
| #define PACKAGE_URL ""
| #define STDC_HEADERS 1
| #define HAVE_SYS_TYPES_H 1
| #define HAVE_SYS_STAT_H 1
| #define HAVE_STDLIB_H 1
| #define HAVE_STRING_H 1
| #define HAVE_MEMORY_H 1
| #define HAVE_STRINGS_H 1
| #define HAVE_INTTYPES_H 1
| #define HAVE_STDINT_H 1
| #define HAVE_UNISTD_H 1
| #define __EXTENSIONS__ 1
| #define _ALL_SOURCE 1
| #define _GNU_SOURCE 1
| #define _POSIX_PTHREAD_SEMANTICS 1
| #define _TANDEM_SOURCE 1
| #define STDC_HEADERS 1
| #define TIME_WITH_SYS_TIME 1
| #define HAVE_SYS_TIME_H 1
| #define HAVE_SCHED_H 1
| #define HAVE_CLOCK_GETTIME 1
| #define HAVE_SCHED_GETCPU 1
| #define CPU x86
| #define HAVE_FFSLL 1
| #define HAVE_SYSCALL_GETTID 1
| /* end confdefs.h.  */
| #include <unistd.h>
|                          #include <fcntl.h>
|                          #include <errno.h>
|                          #include <stdlib.h>
|                          #include <sys/ioctl.h>
|                          #include <linux/mmtimer.h>
|                          #ifndef MMTIMER_FULLNAME
|                          #define MMTIMER_FULLNAME "/dev/mmtimer"
|                          #endif
|                          int main() {
|                            int offset;
|                            int fd;
|                            if((fd = open(MMTIMER_FULLNAME, O_RDONLY)) == -1)
|                              exit(1);
|                            if ((offset = ioctl(fd, MMTIMER_GETOFFSET, 0)) < 0)
|                              exit(1);
|                            close(fd);
|                            exit(0);
|                          }
configure:4994: result: no
configure:4996: checking for working CLOCK_REALTIME_HR POSIX 1b timer
configure:5024: gcc -o conftest  -g -Wextra   conftest.c  >&5
conftest.c:38:38: warning: return type defaults to 'int' [-Wimplicit-int]
                                      main() {
                                      ^~~~
conftest.c: In function 'main':
conftest.c:41:71: error: 'CLOCK_REALTIME_HR' undeclared (first use in this function); did you mean 'CLOCK_REALTIME'?
                                        if (syscall(__NR_clock_gettime,CLOCK_REALTIME_HR,&t1) == -1) exit(1);
                                                                       ^~~~~~~~~~~~~~~~~
                                                                       CLOCK_REALTIME
conftest.c:41:71: note: each undeclared identifier is reported only once for each function it appears in
configure:5024: $? = 1
configure: program exited with status 1
configure: failed program was:
| /* confdefs.h */
| #define PACKAGE_NAME "PAPI"
| #define PACKAGE_TARNAME "papi"
| #define PACKAGE_VERSION "6.0.0.1"
| #define PACKAGE_STRING "PAPI 6.0.0.1"
| #define PACKAGE_BUGREPORT "ptools-perfapi@icl.utk.edu"
| #define PACKAGE_URL ""
| #define STDC_HEADERS 1
| #define HAVE_SYS_TYPES_H 1
| #define HAVE_SYS_STAT_H 1
| #define HAVE_STDLIB_H 1
| #define HAVE_STRING_H 1
| #define HAVE_MEMORY_H 1
| #define HAVE_STRINGS_H 1
| #define HAVE_INTTYPES_H 1
| #define HAVE_STDINT_H 1
| #define HAVE_UNISTD_H 1
| #define __EXTENSIONS__ 1
| #define _ALL_SOURCE 1
| #define _GNU_SOURCE 1
| #define _POSIX_PTHREAD_SEMANTICS 1
| #define _TANDEM_SOURCE 1
| #define STDC_HEADERS 1
| #define TIME_WITH_SYS_TIME 1
| #define HAVE_SYS_TIME_H 1
| #define HAVE_SCHED_H 1
| #define HAVE_CLOCK_GETTIME 1
| #define HAVE_SCHED_GETCPU 1
| #define CPU x86
| #define HAVE_FFSLL 1
| #define HAVE_SYSCALL_GETTID 1
| /* end confdefs.h.  */
| #include <unistd.h>
|                                      #include <stdlib.h>
|                                      #include <stdio.h>
|                                      #include <time.h>
|                                      #include <syscall.h>
|                                      main() {
|                                        struct timespec t1, t2;
|                                        double seconds;
|                                        if (syscall(__NR_clock_gettime,CLOCK_REALTIME_HR,&t1) == -1) exit(1);
|                                          sleep(1);
|                                        if (syscall(__NR_clock_gettime,CLOCK_REALTIME_HR,&t2) == -1) exit(1);
|                                          seconds = ((double)t2.tv_sec + (double)t2.tv_nsec/1000000000.0) - ((double)t1.tv_sec + (double)t1.tv_nsec/1000000000.0);
|                                        if (seconds > 1.0)
|                                          exit(0);
|                                        else
|                                          exit(1);
|                                      }
configure:5029: result: no
configure:5031: checking for working CLOCK_REALTIME POSIX 1b timer
configure:5059: gcc -o conftest  -g -Wextra   conftest.c  >&5
conftest.c:38:50: warning: return type defaults to 'int' [-Wimplicit-int]
                                                  main() {
                                                  ^~~~
configure:5059: $? = 0
configure:5059: ./conftest
configure:5059: $? = 0
configure:5061: result: yes
configure:5084: checking for which real time clock to use
configure:5116: result: clock_realtime
configure:5134: checking for working __thread
configure:5167: gcc -o conftest -pthread   conftest.c  >&5
conftest.c: In function 'thread_main':
conftest.c:40:34: warning: cast from pointer to integer of different size [-Wpointer-to-int-cast]
                              i = (int)arg;
                                  ^
conftest.c:42:34: warning: cast from pointer to integer of different size [-Wpointer-to-int-cast]
                              if ((int)arg == 1)
                                  ^
conftest.c:43:39: warning: cast from pointer to integer of different size [-Wpointer-to-int-cast]
                          res1 = (i == (int)arg);
                                       ^
conftest.c:45:39: warning: cast from pointer to integer of different size [-Wpointer-to-int-cast]
                          res2 = (i == (int)arg);
                                       ^
conftest.c: In function 'main':
conftest.c:51:57: warning: passing argument 3 of 'pthread_create' from incompatible pointer type [-Wincompatible-pointer-types]
                              pthread_create (&t1, NULL, thread_main, (void *)1);
                                                         ^~~~~~~~~~~
In file included from conftest.c:35:0:
/usr/include/pthread.h:234:12: note: expected 'void * (*)(void *)' but argument is of type 'void (*)(void *)'
 extern int pthread_create (pthread_t *__restrict __newthread,
            ^~~~~~~~~~~~~~
conftest.c:52:57: warning: passing argument 3 of 'pthread_create' from incompatible pointer type [-Wincompatible-pointer-types]
                              pthread_create (&t2, NULL, thread_main, (void *)2);
                                                         ^~~~~~~~~~~
In file included from conftest.c:35:0:
/usr/include/pthread.h:234:12: note: expected 'void * (*)(void *)' but argument is of type 'void (*)(void *)'
 extern int pthread_create (pthread_t *__restrict __newthread,
            ^~~~~~~~~~~~~~
configure:5167: $? = 0
configure:5167: ./conftest
configure:5167: $? = 0
configure:5168: result: yes
configure:5198: checking for high performance thread local storage
configure:5213: result: __thread
configure:5224: checking for working CLOCK_THREAD_CPUTIME_ID POSIX 1b timer
configure:5295: gcc -o conftest -pthread   conftest.c  >&5
conftest.c: In function 'doThreadTwo':
conftest.c:77:34: warning: return makes pointer from integer without a cast [-Wint-conversion]
                           return j;
                                  ^
configure:5295: $? = 0
configure:5295: ./conftest
configure:5295: $? = 0
configure:5296: result: yes
configure:5390: checking for which virtual timer to use
configure:5413: result: clock_thread_cputime_id
configure:5512: checking for static user preset events
configure:5525: result: no
configure:5528: checking for static PAPI preset events
configure:5541: result: yes
configure:5544: checking for whether to build static library
configure:5554: result: yes
configure:5557: checking for whether to build shared library
configure:5567: result: yes
configure:5585: checking for static compile of tests and utilities
configure:5594: result: no
configure:5605: checking for linking with papi shared library of tests and utilities
configure:5615: result: no
configure:5667: checking for /sys/class/perfctr
configure:5680: result: no
configure:5685: checking for /dev/perfctr
configure:5698: result: no
configure:5894: checking for /sys/kernel/perfmon/version
configure:5907: result: no
configure:5912: checking for /proc/perfmon
configure:5925: result: no
configure:6062: checking for /proc/sys/kernel/perf_event_paranoid
configure:6075: result: yes
configure:6081: checking for libpfm4/include/perfmon/perf_event.h
configure:6095: result: yes
configure:6281: checking platform
configure:6422: result: linux-pe
configure:6831: checking for components to build
configure:6950: result: perf_event perf_event_uncore
configure:6953: checking for PAPI event CSV filename to use
configure:6958: result: papi_events.csv
configure:7056: Compiling genpapifdef with gcc
configure:7061: Generating fpapi.h
configure:7064: Generating f77papi.h
configure:7067: Generating f90papi.h
configure:7071: Rules.pfm4_pe will be included in the generated Makefile
configure:7191: creating ./config.status

## ---------------------- ##
## Running config.status. ##
## ---------------------- ##

This file was extended by PAPI config.status 6.0.0.1, which was
generated by GNU Autoconf 2.69.  Invocation command line was

  CONFIG_FILES    = 
  CONFIG_HEADERS  = 
  CONFIG_LINKS    = 
  CONFIG_COMMANDS = 
  $ ./config.status 

on jakob-HP-ZBook-15-G5

config.status:909: creating Makefile
config.status:909: creating papi.pc
config.status:909: creating components/Makefile_comp_tests.target
config.status:909: creating testlib/Makefile.target
config.status:909: creating utils/Makefile.target
config.status:909: creating ctests/Makefile.target
config.status:909: creating ftests/Makefile.target
config.status:909: creating validation_tests/Makefile.target
config.status:909: creating config.h
config.status:1079: config.h is unchanged

## ---------------- ##
## Cache variables. ##
## ---------------- ##

ac_cv_c_compiler_gnu=yes
ac_cv_c_inline=inline
ac_cv_env_CC_set=
ac_cv_env_CC_value=
ac_cv_env_CFLAGS_set=
ac_cv_env_CFLAGS_value=
ac_cv_env_CPPFLAGS_set=
ac_cv_env_CPPFLAGS_value=
ac_cv_env_CPP_set=
ac_cv_env_CPP_value=
ac_cv_env_F77_set=
ac_cv_env_F77_value=
ac_cv_env_FFLAGS_set=
ac_cv_env_FFLAGS_value=
ac_cv_env_LDFLAGS_set=
ac_cv_env_LDFLAGS_value=
ac_cv_env_LIBS_set=
ac_cv_env_LIBS_value=
ac_cv_env_build_alias_set=
ac_cv_env_build_alias_value=
ac_cv_env_host_alias_set=
ac_cv_env_host_alias_value=
ac_cv_env_target_alias_set=
ac_cv_env_target_alias_value=
ac_cv_f77_compiler_gnu=no
ac_cv_file__dev_perfctr=no
ac_cv_file__proc_perfmon=no
ac_cv_file__proc_sys_kernel_perf_event_paranoid=yes
ac_cv_file__sys_class_perfctr=no
ac_cv_file__sys_kernel_perfmon_version=no
ac_cv_file_libpfm4_include_perfmon_perf_event_h=yes
ac_cv_func_clock_gettime=yes
ac_cv_func_ffsll=yes
ac_cv_func_gethrtime=no
ac_cv_func_mach_absolute_time=no
ac_cv_func_read_real_time=no
ac_cv_func_sched_getcpu=yes
ac_cv_func_time_base_to_time=no
ac_cv_header_c_asm_h=no
ac_cv_header_intrinsics_h=no
ac_cv_header_inttypes_h=yes
ac_cv_header_mach_mach_time_h=no
ac_cv_header_memory_h=yes
ac_cv_header_minix_config_h=no
ac_cv_header_sched_h=yes
ac_cv_header_stdc=yes
ac_cv_header_stdint_h=yes
ac_cv_header_stdlib_h=yes
ac_cv_header_string_h=yes
ac_cv_header_strings_h=yes
ac_cv_header_sys_stat_h=yes
ac_cv_header_sys_time_h=yes
ac_cv_header_sys_types_h=yes
ac_cv_header_time=yes
ac_cv_header_unistd_h=yes
ac_cv_objext=o
ac_cv_path_EGREP='/bin/grep -E'
ac_cv_path_GREP=/bin/grep
ac_cv_prog_AWK=gawk
ac_cv_prog_CPP='gcc -E'
ac_cv_prog_ac_ct_CC=gcc
ac_cv_prog_ac_ct_RANLIB=ranlib
ac_cv_prog_cc_c89=
ac_cv_prog_cc_g=yes
ac_cv_prog_f77_g=no
ac_cv_prog_make_make_set=yes
ac_cv_safe_to_define___extensions__=yes

## ----------------- ##
## Output variables. ##
## ----------------- ##

AR='ar'
ARCH_EVENTS=''
ARG64=''
AWK='gawk'
BGPM_INSTALL_DIR=''
BGP_SYSDIR=''
BITFLAGS=''
CC='gcc'
CC_COMMON_NAME='gcc'
CC_R='$(CC) -pthread'
CC_SHR='$(CC) -fPIC -DPIC -shared -Wl,-soname -Wl,$(VLIB) -Xlinker "-rpath" -Xlinker "$(LIBDIR)"'
CFLAGS=' -g -Wextra  -Wall'
COMPONENTS=' perf_event perf_event_uncore'
COMPONENT_RULES='components/Rules.components components/perf_event/Rules.perf_event components/perf_event_uncore/Rules.perf_event_uncore'
CPP='gcc -E'
CPPFLAGS=''
CPU='x86'
CPUCOMPONENT_C=''
CPUCOMPONENT_NAME='perf_event'
CPUCOMPONENT_OBJ=''
CPU_MODEL=''
CTEST_TARGETS='all'
DEFS='-DHAVE_CONFIG_H'
DESCR=''
ECHO_C=''
ECHO_N='-n'
ECHO_T=''
EGREP='/bin/grep -E'
EXEEXT=''
F77=''
FFLAGS=' -g -Wextra  -Wall   -Dlinux -ffixed-line-length-132'
FILENAME='Rules.pfm4_pe'
FLAGS=''
FTEST_TARGETS='all'
GREP='/bin/grep'
HAVE_NO_OVERRIDE_INIT='1'
LDFLAGS=''
LDL='-ldl'
LIBOBJS=''
LIBRARY='libpapi.a'
LIBS=''
LINKLIB='$(LIBRARY)'
LN_S='ln -s'
LRT='-lrt'
LTLIBOBJS=''
MAKEVER='linux-pe'
MIC='no'
MISCHDRS=''
MISCOBJS='$(MISCSRCS:.c=.o)'
MISCSRCS=' x86_cpuid_info.c'
MPICC=''
MPIICC=''
NOOPT=''
NO_MPI_TESTS='yes'
OBJEXT='o'
OMPCFLGS='-fopenmp'
OPTFLAGS='-O2'
OS='linux'
OSCONTEXT='linux-context.h'
OSFILESHDR='linux-memory.h linux-timer.h linux-common.h'
OSFILESOBJ='$(OSFILESSRC:.c=.o)'
OSFILESSRC='linux-memory.c linux-timer.c linux-common.c'
OSLOCK='linux-lock.h'
PACKAGE_BUGREPORT='ptools-perfapi@icl.utk.edu'
PACKAGE_NAME='PAPI'
PACKAGE_STRING='PAPI 6.0.0.1'
PACKAGE_TARNAME='papi'
PACKAGE_URL=''
PACKAGE_VERSION='6.0.0.1'
PAPICFLAGS='-DPAPI_NO_MEMORY_MANAGEMENT -DSTATIC_PAPI_EVENTS_TABLE  -DUSE_PERFEVENT_RDPMC=1 -DPEINCLUDE=\"libpfm4/include/perfmon/perf_event.h\" -D_REENTRANT -D_GNU_SOURCE -DUSE_COMPILER_TLS'
PAPISOVER='$(PAPIVER).$(PAPIREV)'
PAPI_EVENTS=''
PAPI_EVENTS_CSV='papi_events.csv'
PATH_SEPARATOR=':'
PMAPI=''
PMINIT=''
POST_BUILD=''
RANLIB='ranlib'
SDE_ENABLED=''
SETPATH=''
SET_MAKE=''
SHELL='/bin/bash'
SHLIB='libpapi.so.6.0.0.1'
SHLIBDEPS=''
SHOW_CONF='showconf'
SMPCFLGS=''
STATIC=''
TESTS=''
TOPTFLAGS='-O1'
VERSION=''
VLIB='libpapi.so.$(PAPISOVER)'
ac_ct_CC='gcc'
ac_ct_F77=''
altix=''
arch='x86_64'
bindir='${exec_prefix}/bin'
build_alias=''
cpu_option=''
datadir='${datarootdir}'
datarootdir='${prefix}/share'
docdir='${datarootdir}/doc/${PACKAGE_TARNAME}'
dvidir='${docdir}'
exec_prefix='${prefix}'
host_alias=''
htmldir='${docdir}'
includedir='${prefix}/include'
infodir='${datarootdir}/info'
libdir='${exec_prefix}/lib'
libexecdir='${exec_prefix}/libexec'
localedir='${datarootdir}/locale'
localstatedir='${prefix}/var'
mandir='${datarootdir}/man'
old_pfmv2='n'
oldincludedir='/usr/include'
papiLIBS='shared static'
pdfdir='${docdir}'
perfctr_incdir=''
perfctr_libdir=''
perfctr_prefix=''
perfctr_root=''
pfm_incdir='libpfm4/include'
pfm_libdir='libpfm4/lib'
pfm_prefix=''
pfm_root='libpfm4'
prefix='/usr/local'
program_transform_name='s,x,x,'
psdir='${docdir}'
sbindir='${exec_prefix}/sbin'
sharedstatedir='${prefix}/com'
sysconfdir='${prefix}/etc'
target_alias=''
tests='ctests ftests  comp_tests'

## ----------- ##
## confdefs.h. ##
## ----------- ##

/* confdefs.h */
#define PACKAGE_NAME "PAPI"
#define PACKAGE_TARNAME "papi"
#define PACKAGE_VERSION "6.0.0.1"
#define PACKAGE_STRING "PAPI 6.0.0.1"
#define PACKAGE_BUGREPORT "ptools-perfapi@icl.utk.edu"
#define PACKAGE_URL ""
#define STDC_HEADERS 1
#define HAVE_SYS_TYPES_H 1
#define HAVE_SYS_STAT_H 1
#define HAVE_STDLIB_H 1
#define HAVE_STRING_H 1
#define HAVE_MEMORY_H 1
#define HAVE_STRINGS_H 1
#define HAVE_INTTYPES_H 1
#define HAVE_STDINT_H 1
#define HAVE_UNISTD_H 1
#define __EXTENSIONS__ 1
#define _ALL_SOURCE 1
#define _GNU_SOURCE 1
#define _POSIX_PTHREAD_SEMANTICS 1
#define _TANDEM_SOURCE 1
#define STDC_HEADERS 1
#define TIME_WITH_SYS_TIME 1
#define HAVE_SYS_TIME_H 1
#define HAVE_SCHED_H 1
#define HAVE_CLOCK_GETTIME 1
#define HAVE_SCHED_GETCPU 1
#define CPU x86
#define HAVE_FFSLL 1
#define HAVE_SYSCALL_GETTID 1
#define HAVE_CLOCK_GETTIME 1
#define HAVE_CLOCK_GETTIME_REALTIME 1
#define HAVE_THREAD_LOCAL_STORAGE __thread
#define HAVE_CLOCK_GETTIME_THREAD CLOCK_THREAD_CPUTIME_ID
#define HAVE_PERFMON_PFMLIB_MONTECITO_H 1
#define HAVE_PFM_GET_EVENT_DESCRIPTION 1
#define HAVE_PFMLIB_OUTPUT_PFP_PMD_COUNT 1

configure: exit 0
